[01m[K/home/home/dcp_ws/src/fairino/fairino_action_manager/src/servers/basic/tool_changer_action_sever.cpp:[m[K In member function ‘[01m[Kvirtual bool ToolChangerActionServer::compute(const rclcpp::Time&)[m[K’:
[01m[K/home/home/dcp_ws/src/fairino/fairino_action_manager/src/servers/basic/tool_changer_action_sever.cpp:97:59:[m[K [01;35m[Kwarning: [m[Kunused parameter ‘[01m[Kcurrent_time[m[K’ [[01;35m[K]8;;https://gcc.gnu.org/onlinedocs/gcc/Warning-Options.html#index-Wunused-parameter-Wunused-parameter]8;;[m[K]
   97 | bool ToolChangerActionServer::compute([01;35m[Kconst rclcpp::Time& current_time[m[K)
      |                                       [01;35m[K~~~~~~~~~~~~~~~~~~~~^~~~~~~~~~~~[m[K
/usr/bin/ld: /home/home/dcp_ws/install/pak_hqp_controller/lib/libpak_hqp_controller.so: undefined reference to `pak_hqp_controller::task::ConstraintBase::ConstraintBase(std::__cxx11::basic_string<char, std::char_traits<char>, std::allocator<char> > const&, pak_hqp_controller::task::ConstraintType, Eigen::Matrix<double, -1, -1, 0, -1, -1> const&, Eigen::Matrix<double, -1, 1, 0, -1, 1> const&, Eigen::Matrix<double, -1, 1, 0, -1, 1> const&)'
collect2: error: ld returned 1 exit status
gmake[2]: *** [CMakeFiles/fairino_action_manager_real.dir/build.make:243: fairino_action_manager_real] 오류 1
gmake[1]: *** [CMakeFiles/Makefile2:197: CMakeFiles/fairino_action_manager_real.dir/all] 오류 2
gmake[1]: *** 끝나지 않은 작업을 기다리고 있습니다....
/usr/bin/ld: /home/home/dcp_ws/install/pak_hqp_controller/lib/libpak_hqp_controller.so: undefined reference to `pak_hqp_controller::task::ConstraintBase::ConstraintBase(std::__cxx11::basic_string<char, std::char_traits<char>, std::allocator<char> > const&, pak_hqp_controller::task::ConstraintType, Eigen::Matrix<double, -1, -1, 0, -1, -1> const&, Eigen::Matrix<double, -1, 1, 0, -1, 1> const&, Eigen::Matrix<double, -1, 1, 0, -1, 1> const&)'
collect2: error: ld returned 1 exit status
gmake[2]: *** [CMakeFiles/fairino_action_manager_simulation_isaac.dir/build.make:243: fairino_action_manager_simulation_isaac] 오류 1
gmake[1]: *** [CMakeFiles/Makefile2:223: CMakeFiles/fairino_action_manager_simulation_isaac.dir/all] 오류 2
gmake: *** [Makefile:146: all] 오류 2
