[35m[1mConsolidate compiler generated dependencies of target controller[0m
[ 22%] Built target task
[ 33%] Built target task_manager
[ 38%] [32mBuilding CXX object CMakeFiles/controller.dir/src/controller/controller.cpp.o[0m
[ 44%] [32mBuilding CXX object CMakeFiles/controller.dir/src/servers/basic/joint_posture_action_server.cpp.o[0m
[ 50%] [32mBuilding CXX object CMakeFiles/controller.dir/src/servers/basic/se3_action_server.cpp.o[0m
[ 55%] [32mBuilding CXX object CMakeFiles/controller.dir/src/servers/basic/gripper_real_action_server.cpp.o[0m
[ 61%] [32mBuilding CXX object CMakeFiles/controller.dir/src/servers/basic/gripper_sim_action_server.cpp.o[0m
[ 66%] [32mBuilding CXX object CMakeFiles/controller.dir/src/servers/basic/tool_changer_action_sever.cpp.o[0m
[ 72%] [32mBuilding CXX object CMakeFiles/controller.dir/src/servers/basic/qr_action_server.cpp.o[0m
[01m[K/home/home/dcp_ws/src/fairino/fairino_action_manager/src/servers/basic/tool_changer_action_sever.cpp:[m[K In member function ‘[01m[Kvirtual bool ToolChangerActionServer::compute(const rclcpp::Time&)[m[K’:
[01m[K/home/home/dcp_ws/src/fairino/fairino_action_manager/src/servers/basic/tool_changer_action_sever.cpp:97:59:[m[K [01;35m[Kwarning: [m[Kunused parameter ‘[01m[Kcurrent_time[m[K’ [[01;35m[K]8;;https://gcc.gnu.org/onlinedocs/gcc/Warning-Options.html#index-Wunused-parameter-Wunused-parameter]8;;[m[K]
   97 | bool ToolChangerActionServer::compute([01;35m[Kconst rclcpp::Time& current_time[m[K)
      |                                       [01;35m[K~~~~~~~~~~~~~~~~~~~~^~~~~~~~~~~~[m[K
[ 77%] [32m[1mLinking CXX shared library libcontroller.so[0m
[ 77%] Built target controller
[ 88%] [32mBuilding CXX object CMakeFiles/fairino_action_manager_real.dir/src/real/real.cpp.o[0m
[ 88%] [32mBuilding CXX object CMakeFiles/fairino_action_manager_simulation_isaac.dir/src/simulation/simulation_isaac.cpp.o[0m
[ 94%] [32m[1mLinking CXX executable fairino_action_manager_real[0m
/usr/bin/ld: /home/home/dcp_ws/install/pak_hqp_controller/lib/libpak_hqp_controller.so: undefined reference to `pak_hqp_controller::task::ConstraintBase::ConstraintBase(std::__cxx11::basic_string<char, std::char_traits<char>, std::allocator<char> > const&, pak_hqp_controller::task::ConstraintType, Eigen::Matrix<double, -1, -1, 0, -1, -1> const&, Eigen::Matrix<double, -1, 1, 0, -1, 1> const&, Eigen::Matrix<double, -1, 1, 0, -1, 1> const&)'
collect2: error: ld returned 1 exit status
gmake[2]: *** [CMakeFiles/fairino_action_manager_real.dir/build.make:243: fairino_action_manager_real] 오류 1
gmake[1]: *** [CMakeFiles/Makefile2:197: CMakeFiles/fairino_action_manager_real.dir/all] 오류 2
gmake[1]: *** 끝나지 않은 작업을 기다리고 있습니다....
[100%] [32m[1mLinking CXX executable fairino_action_manager_simulation_isaac[0m
/usr/bin/ld: /home/home/dcp_ws/install/pak_hqp_controller/lib/libpak_hqp_controller.so: undefined reference to `pak_hqp_controller::task::ConstraintBase::ConstraintBase(std::__cxx11::basic_string<char, std::char_traits<char>, std::allocator<char> > const&, pak_hqp_controller::task::ConstraintType, Eigen::Matrix<double, -1, -1, 0, -1, -1> const&, Eigen::Matrix<double, -1, 1, 0, -1, 1> const&, Eigen::Matrix<double, -1, 1, 0, -1, 1> const&)'
collect2: error: ld returned 1 exit status
gmake[2]: *** [CMakeFiles/fairino_action_manager_simulation_isaac.dir/build.make:243: fairino_action_manager_simulation_isaac] 오류 1
gmake[1]: *** [CMakeFiles/Makefile2:223: CMakeFiles/fairino_action_manager_simulation_isaac.dir/all] 오류 2
gmake: *** [Makefile:146: all] 오류 2
