[35m[1mConsolidate compiler generated dependencies of target task[0m
[ 11%] [32mBuilding CXX object CMakeFiles/task.dir/src/servers/task/base_task.cpp.o[0m
[ 11%] [32mBuilding CXX object CMakeFiles/task.dir/src/servers/task/pick.cpp.o[0m
[ 16%] [32mBuilding CXX object CMakeFiles/task.dir/src/servers/task/place.cpp.o[0m
[35m[1mConsolidate compiler generated dependencies of target controller[0m
[ 22%] [32mBuilding CXX object CMakeFiles/controller.dir/src/controller/controller.cpp.o[0m
[ 27%] [32mBuilding CXX object CMakeFiles/controller.dir/src/servers/basic/se3_action_server.cpp.o[0m
[01m[K/home/home/dcp_ws/src/fairino/fairino_action_manager/src/servers/task/base_task.cpp:4:1:[m[K [01;31m[Kerror: [m[Kredefinition of ‘[01m[KBaseTask::BaseTask(rclcpp::Node::SharedPtr, rclcpp_action::Client<fairino_interfaces::action::SE3>::SharedPtr, rclcpp_action::Client<fairino_interfaces::action::Gripper>::SharedPtr, const string&)[m[K’
    4 | [01;31m[KBaseTask[m[K::BaseTask(
      | [01;31m[K^~~~~~~~[m[K
In file included from [01m[K/home/home/dcp_ws/src/fairino/fairino_action_manager/src/servers/task/base_task.cpp:1[m[K:
[01m[K/home/home/dcp_ws/src/fairino/fairino_action_manager/include/fairino_action_manager/servers/task/base_task.hpp:20:5:[m[K [01;36m[Knote: [m[K‘[01m[KBaseTask::BaseTask(rclcpp::Node::SharedPtr, rclcpp_action::Client<fairino_interfaces::action::SE3>::SharedPtr, rclcpp_action::Client<fairino_interfaces::action::Gripper>::SharedPtr, const string&)[m[K’ previously defined here
   20 |     [01;36m[KBaseTask[m[K(
      |     [01;36m[K^~~~~~~~[m[K
gmake[2]: *** [CMakeFiles/task.dir/build.make:76: CMakeFiles/task.dir/src/servers/task/base_task.cpp.o] 오류 1
gmake[1]: *** [CMakeFiles/Makefile2:171: CMakeFiles/task.dir/all] 오류 2
gmake[1]: *** 끝나지 않은 작업을 기다리고 있습니다....
[01m[K/home/home/dcp_ws/src/fairino/fairino_action_manager/src/controller/controller.cpp:203:10:[m[K [01;31m[Kerror: [m[Kno declaration matches ‘[01m[Kvoid RobotController::FairinoWrapper::init_place_ctrl(rclcpp::Time)[m[K’
  203 |     void [01;31m[KFairinoWrapper[m[K::init_place_ctrl(rclcpp::Time time) {
      |          [01;31m[K^~~~~~~~~~~~~~[m[K
[01m[K/home/home/dcp_ws/src/fairino/fairino_action_manager/src/controller/controller.cpp:203:10:[m[K [01;36m[Knote: [m[Kno functions named ‘[01m[Kvoid RobotController::FairinoWrapper::init_place_ctrl(rclcpp::Time)[m[K’
In file included from [01m[K/home/home/dcp_ws/src/fairino/fairino_action_manager/src/controller/controller.cpp:1[m[K:
[01m[K/home/home/dcp_ws/src/fairino/fairino_action_manager/include/fairino_action_manager/controller/controller.hpp:147:11:[m[K [01;36m[Knote: [m[K‘[01m[Kclass RobotController::FairinoWrapper[m[K’ defined here
  147 |     class [01;36m[KFairinoWrapper[m[K
      |           [01;36m[K^~~~~~~~~~~~~~[m[K
[01m[K/home/home/dcp_ws/src/fairino/fairino_action_manager/src/servers/basic/se3_action_server.cpp:[m[K In member function ‘[01m[Kvoid SE3ActionServer::handle_accepted(std::shared_ptr<rclcpp_action::ServerGoalHandle<fairino_interfaces::action::SE3> >)[m[K’:
[01m[K/home/home/dcp_ws/src/fairino/fairino_action_manager/src/servers/basic/se3_action_server.cpp:99:14:[m[K [01;31m[Kerror: [m[K‘[01m[Kusing element_type = class RobotController::FairinoWrapper[m[K’ {aka ‘[01m[Kclass RobotController::FairinoWrapper[m[K’} has no member named ‘[01m[Kinit_place_ctrl[m[K’; did you mean ‘[01m[Kinit_se3_ctrl[m[K’?
   99 |         mu_->[01;31m[Kinit_place_ctrl[m[K(start_time_); // 새로운 place 동작
      |              [01;31m[K^~~~~~~~~~~~~~~[m[K
      |              [32m[Kinit_se3_ctrl[m[K
gmake[2]: *** [CMakeFiles/controller.dir/build.make:104: CMakeFiles/controller.dir/src/servers/basic/se3_action_server.cpp.o] 오류 1
gmake[2]: *** 끝나지 않은 작업을 기다리고 있습니다....
gmake[2]: *** [CMakeFiles/controller.dir/build.make:76: CMakeFiles/controller.dir/src/controller/controller.cpp.o] 오류 1
gmake[1]: *** [CMakeFiles/Makefile2:145: CMakeFiles/controller.dir/all] 오류 2
gmake: *** [Makefile:146: all] 오류 2
